# JRE version: OpenJDK Runtime Environment (21.0.3) (build 21.0.3+-12282718-b509.11)
# Java VM: OpenJDK 64-Bit Server VM (21.0.3+-12282718-b509.11, mixed mode, tiered, compressed oops, compressed class ptrs, g1 gc, windows-amd64)
GC Precious Log:
 CardTable entry size: 512
 Card Set container configuration: InlinePtr #cards 5 size 8 Array Of Cards #cards 12 size 40 Howl #buckets 4 coarsen threshold 1843 Howl Bitmap #cards 512 size 80 coarsen threshold 460 Card regions per heap region 1 cards per card region 2048
 CPUs: 16 total, 16 available
 Memory: 7599M
 Large Page Support: Disabled
 NUMA Support: Disabled
 Compressed Oops: Enabled (32-bit)
 Heap Region Size: 1M
 Heap Min Capacity: 8M
 Heap Initial Capacity: 120M
 Heap Max Capacity: 1900M
 Pre-touch: Disabled
 Parallel Workers: 13
 Concurrent Workers: 3
 Concurrent Refinement Workers: 13
 Periodic GC: Disabled
Heap:
 garbage-first heap   total 146432K, used 44534K [0x0000000089400000, 0x0000000100000000)
  region size 1024K, 6 young (6144K), 6 survivors (6144K)
 Metaspace       used 57268K, committed 57984K, reserved 1114112K
  class space    used 6720K, committed 7040K, reserved 1048576K
GC Heap History (20 events):
Event: 17.817 GC heap after
{Heap after GC invocations=8 (full 0):
 garbage-first heap   total 50176K, used 21500K [0x0000000089400000, 0x0000000100000000)
  region size 1024K, 3 young (3072K), 3 survivors (3072K)
 Metaspace       used 40277K, committed 40448K, reserved 1114112K
  class space    used 4866K, committed 4928K, reserved 1048576K
}
Event: 18.240 GC heap before
{Heap before GC invocations=8 (full 0):
 garbage-first heap   total 50176K, used 39932K [0x0000000089400000, 0x0000000100000000)
  region size 1024K, 22 young (22528K), 3 survivors (3072K)
 Metaspace       used 43470K, committed 44096K, reserved 1114112K
  class space    used 5256K, committed 5568K, reserved 1048576K
}
Event: 18.259 GC heap after
{Heap after GC invocations=9 (full 0):
 garbage-first heap   total 68608K, used 21983K [0x0000000089400000, 0x0000000100000000)
  region size 1024K, 2 young (2048K), 2 survivors (2048K)
 Metaspace       used 43470K, committed 44096K, reserved 1114112K
  class space    used 5256K, committed 5568K, reserved 1048576K
}
Event: 20.102 GC heap before
{Heap before GC invocations=9 (full 0):
 garbage-first heap   total 68608K, used 58847K [0x0000000089400000, 0x0000000100000000)
  region size 1024K, 36 young (36864K), 2 survivors (2048K)
 Metaspace       used 50622K, committed 51392K, reserved 1114112K
  class space    used 6119K, committed 6464K, reserved 1048576K
}
Event: 20.279 GC heap after
{Heap after GC invocations=10 (full 0):
 garbage-first heap   total 68608K, used 28908K [0x0000000089400000, 0x0000000100000000)
  region size 1024K, 5 young (5120K), 5 survivors (5120K)
 Metaspace       used 50622K, committed 51392K, reserved 1114112K
  class space    used 6119K, committed 6464K, reserved 1048576K
}
Event: 51.047 GC heap before
{Heap before GC invocations=10 (full 0):
 garbage-first heap   total 68608K, used 57580K [0x0000000089400000, 0x0000000100000000)
  region size 1024K, 32 young (32768K), 5 survivors (5120K)
 Metaspace       used 53778K, committed 54528K, reserved 1114112K
  class space    used 6429K, committed 6784K, reserved 1048576K
}
Event: 52.295 GC heap after
{Heap after GC invocations=11 (full 0):
 garbage-first heap   total 68608K, used 33441K [0x0000000089400000, 0x0000000100000000)
  region size 1024K, 4 young (4096K), 4 survivors (4096K)
 Metaspace       used 53778K, committed 54528K, reserved 1114112K
  class space    used 6429K, committed 6784K, reserved 1048576K
}
Event: 52.875 GC heap before
{Heap before GC invocations=11 (full 0):
 garbage-first heap   total 68608K, used 34465K [0x0000000089400000, 0x0000000100000000)
  region size 1024K, 5 young (5120K), 4 survivors (4096K)
 Metaspace       used 53786K, committed 54528K, reserved 1114112K
  class space    used 6430K, committed 6784K, reserved 1048576K
}
Event: 53.303 GC heap after
{Heap after GC invocations=12 (full 0):
 garbage-first heap   total 68608K, used 33884K [0x0000000089400000, 0x0000000100000000)
  region size 1024K, 1 young (1024K), 1 survivors (1024K)
 Metaspace       used 53786K, committed 54528K, reserved 1114112K
  class space    used 6430K, committed 6784K, reserved 1048576K
}
Event: 53.373 GC heap before
{Heap before GC invocations=12 (full 0):
 garbage-first heap   total 68608K, used 35932K [0x0000000089400000, 0x0000000100000000)
  region size 1024K, 3 young (3072K), 1 survivors (1024K)
 Metaspace       used 53789K, committed 54528K, reserved 1114112K
  class space    used 6430K, committed 6784K, reserved 1048576K
}
Event: 53.648 GC heap after
{Heap after GC invocations=13 (full 0):
 garbage-first heap   total 146432K, used 34089K [0x0000000089400000, 0x0000000100000000)
  region size 1024K, 1 young (1024K), 1 survivors (1024K)
 Metaspace       used 53789K, committed 54528K, reserved 1114112K
  class space    used 6430K, committed 6784K, reserved 1048576K
}
Event: 53.766 GC heap before
{Heap before GC invocations=13 (full 0):
 garbage-first heap   total 146432K, used 40233K [0x0000000089400000, 0x0000000100000000)
  region size 1024K, 7 young (7168K), 1 survivors (1024K)
 Metaspace       used 53793K, committed 54528K, reserved 1114112K
  class space    used 6430K, committed 6784K, reserved 1048576K
}
Event: 53.958 GC heap after
{Heap after GC invocations=14 (full 0):
 garbage-first heap   total 146432K, used 36428K [0x0000000089400000, 0x0000000100000000)
  region size 1024K, 1 young (1024K), 1 survivors (1024K)
 Metaspace       used 53793K, committed 54528K, reserved 1114112K
  class space    used 6430K, committed 6784K, reserved 1048576K
}
Event: 54.035 GC heap before
{Heap before GC invocations=14 (full 0):
 garbage-first heap   total 146432K, used 42572K [0x0000000089400000, 0x0000000100000000)
  region size 1024K, 7 young (7168K), 1 survivors (1024K)
 Metaspace       used 53808K, committed 54528K, reserved 1114112K
  class space    used 6430K, committed 6784K, reserved 1048576K
}
Event: 54.046 GC heap after
{Heap after GC invocations=15 (full 0):
 garbage-first heap   total 146432K, used 37219K [0x0000000089400000, 0x0000000100000000)
  region size 1024K, 1 young (1024K), 1 survivors (1024K)
 Metaspace       used 53808K, committed 54528K, reserved 1114112K
  class space    used 6430K, committed 6784K, reserved 1048576K
}
Event: 55.979 GC heap before
{Heap before GC invocations=16 (full 0):
 garbage-first heap   total 143360K, used 43363K [0x0000000089400000, 0x0000000100000000)
  region size 1024K, 7 young (7168K), 1 survivors (1024K)
 Metaspace       used 53814K, committed 54528K, reserved 1114112K
  class space    used 6430K, committed 6784K, reserved 1048576K
}
Event: 56.007 GC heap after
{Heap after GC invocations=17 (full 0):
 garbage-first heap   total 143360K, used 37467K [0x0000000089400000, 0x0000000100000000)
  region size 1024K, 1 young (1024K), 1 survivors (1024K)
 Metaspace       used 53814K, committed 54528K, reserved 1114112K
  class space    used 6430K, committed 6784K, reserved 1048576K
}
Event: 56.207 GC heap before
{Heap before GC invocations=17 (full 0):
 garbage-first heap   total 143360K, used 44635K [0x0000000089400000, 0x0000000100000000)
  region size 1024K, 8 young (8192K), 1 survivors (1024K)
 Metaspace       used 53814K, committed 54528K, reserved 1114112K
  class space    used 6430K, committed 6784K, reserved 1048576K
}
Event: 56.227 GC heap after
{Heap after GC invocations=18 (full 0):
 garbage-first heap   total 143360K, used 37143K [0x0000000089400000, 0x0000000100000000)
  region size 1024K, 1 young (1024K), 1 survivors (1024K)
 Metaspace       used 53814K, committed 54528K, reserved 1114112K
  class space    used 6430K, committed 6784K, reserved 1048576K
}
Event: 64.592 GC heap before
{Heap before GC invocations=18 (full 0):
 garbage-first heap   total 143360K, used 78103K [0x0000000089400000, 0x0000000100000000)
  region size 1024K, 42 young (43008K), 1 survivors (1024K)
 Metaspace       used 57268K, committed 57984K, reserved 1114112K
  class space    used 6720K, committed 7040K, reserved 1048576K
}

