# JRE version: OpenJDK Runtime Environment (21.0.3) (build 21.0.3+-12282718-b509.11)
# Java VM: OpenJDK 64-Bit Server VM (21.0.3+-12282718-b509.11, mixed mode, tiered, compressed oops, compressed class ptrs, g1 gc, windows-amd64)
GC Precious Log:
 CardTable entry size: 512
 Card Set container configuration: InlinePtr #cards 5 size 8 Array Of Cards #cards 12 size 40 Howl #buckets 4 coarsen threshold 1843 Howl Bitmap #cards 512 size 80 coarsen threshold 460 Card regions per heap region 1 cards per card region 2048
 CPUs: 16 total, 16 available
 Memory: 7599M
 Large Page Support: Disabled
 NUMA Support: Disabled
 Compressed Oops: Enabled (32-bit)
 Heap Region Size: 1M
 Heap Min Capacity: 8M
 Heap Initial Capacity: 120M
 Heap Max Capacity: 1900M
 Pre-touch: Disabled
 Parallel Workers: 13
 Concurrent Workers: 3
 Concurrent Refinement Workers: 13
 Periodic GC: Disabled
Heap:
 garbage-first heap   total 181248K, used 38077K [0x0000000089400000, 0x0000000100000000)
  region size 1024K, 2 young (2048K), 2 survivors (2048K)
 Metaspace       used 54491K, committed 55168K, reserved 1114112K
  class space    used 6512K, committed 6848K, reserved 1048576K
GC Heap History (20 events):
Event: 19.232 GC heap after
{Heap after GC invocations=8 (full 0):
 garbage-first heap   total 49152K, used 21727K [0x0000000089400000, 0x0000000100000000)
  region size 1024K, 3 young (3072K), 3 survivors (3072K)
 Metaspace       used 39708K, committed 39936K, reserved 1114112K
  class space    used 4827K, committed 4928K, reserved 1048576K
}
Event: 20.940 GC heap before
{Heap before GC invocations=8 (full 0):
 garbage-first heap   total 49152K, used 39135K [0x0000000089400000, 0x0000000100000000)
  region size 1024K, 21 young (21504K), 3 survivors (3072K)
 Metaspace       used 43015K, committed 43456K, reserved 1114112K
  class space    used 5171K, committed 5376K, reserved 1048576K
}
Event: 21.448 GC heap after
{Heap after GC invocations=9 (full 0):
 garbage-first heap   total 73728K, used 22158K [0x0000000089400000, 0x0000000100000000)
  region size 1024K, 2 young (2048K), 2 survivors (2048K)
 Metaspace       used 43015K, committed 43456K, reserved 1114112K
  class space    used 5171K, committed 5376K, reserved 1048576K
}
Event: 65.612 GC heap before
{Heap before GC invocations=9 (full 0):
 garbage-first heap   total 73728K, used 60046K [0x0000000089400000, 0x0000000100000000)
  region size 1024K, 37 young (37888K), 2 survivors (2048K)
 Metaspace       used 50640K, committed 51392K, reserved 1114112K
  class space    used 6117K, committed 6464K, reserved 1048576K
}
Event: 66.359 GC heap after
{Heap after GC invocations=10 (full 0):
 garbage-first heap   total 73728K, used 28672K [0x0000000089400000, 0x0000000100000000)
  region size 1024K, 5 young (5120K), 5 survivors (5120K)
 Metaspace       used 50640K, committed 51392K, reserved 1114112K
  class space    used 6117K, committed 6464K, reserved 1048576K
}
Event: 66.497 GC heap before
{Heap before GC invocations=10 (full 0):
 garbage-first heap   total 73728K, used 29696K [0x0000000089400000, 0x0000000100000000)
  region size 1024K, 6 young (6144K), 5 survivors (5120K)
 Metaspace       used 50650K, committed 51392K, reserved 1114112K
  class space    used 6118K, committed 6464K, reserved 1048576K
}
Event: 66.665 GC heap after
{Heap after GC invocations=11 (full 0):
 garbage-first heap   total 73728K, used 29708K [0x0000000089400000, 0x0000000100000000)
  region size 1024K, 1 young (1024K), 1 survivors (1024K)
 Metaspace       used 50650K, committed 51392K, reserved 1114112K
  class space    used 6118K, committed 6464K, reserved 1048576K
}
Event: 73.402 GC heap before
{Heap before GC invocations=11 (full 0):
 garbage-first heap   total 73728K, used 33804K [0x0000000089400000, 0x0000000100000000)
  region size 1024K, 5 young (5120K), 1 survivors (1024K)
 Metaspace       used 51079K, committed 51840K, reserved 1114112K
  class space    used 6164K, committed 6528K, reserved 1048576K
}
Event: 73.549 GC heap after
{Heap after GC invocations=12 (full 0):
 garbage-first heap   total 73728K, used 30702K [0x0000000089400000, 0x0000000100000000)
  region size 1024K, 1 young (1024K), 1 survivors (1024K)
 Metaspace       used 51079K, committed 51840K, reserved 1114112K
  class space    used 6164K, committed 6528K, reserved 1048576K
}
Event: 88.149 GC heap before
{Heap before GC invocations=12 (full 0):
 garbage-first heap   total 73728K, used 34798K [0x0000000089400000, 0x0000000100000000)
  region size 1024K, 6 young (6144K), 1 survivors (1024K)
 Metaspace       used 52131K, committed 52864K, reserved 1114112K
  class space    used 6287K, committed 6656K, reserved 1048576K
}
Event: 88.702 GC heap after
{Heap after GC invocations=13 (full 0):
 garbage-first heap   total 181248K, used 31813K [0x0000000089400000, 0x0000000100000000)
  region size 1024K, 1 young (1024K), 1 survivors (1024K)
 Metaspace       used 52131K, committed 52864K, reserved 1114112K
  class space    used 6287K, committed 6656K, reserved 1048576K
}
Event: 103.418 GC heap before
{Heap before GC invocations=13 (full 0):
 garbage-first heap   total 181248K, used 38981K [0x0000000089400000, 0x0000000100000000)
  region size 1024K, 8 young (8192K), 1 survivors (1024K)
 Metaspace       used 53557K, committed 54336K, reserved 1114112K
  class space    used 6426K, committed 6784K, reserved 1048576K
}
Event: 103.508 GC heap after
{Heap after GC invocations=14 (full 0):
 garbage-first heap   total 181248K, used 32746K [0x0000000089400000, 0x0000000100000000)
  region size 1024K, 1 young (1024K), 1 survivors (1024K)
 Metaspace       used 53557K, committed 54336K, reserved 1114112K
  class space    used 6426K, committed 6784K, reserved 1048576K
}
Event: 103.799 GC heap before
{Heap before GC invocations=14 (full 0):
 garbage-first heap   total 181248K, used 39914K [0x0000000089400000, 0x0000000100000000)
  region size 1024K, 8 young (8192K), 1 survivors (1024K)
 Metaspace       used 53670K, committed 54400K, reserved 1114112K
  class space    used 6428K, committed 6784K, reserved 1048576K
}
Event: 103.821 GC heap after
{Heap after GC invocations=15 (full 0):
 garbage-first heap   total 181248K, used 33448K [0x0000000089400000, 0x0000000100000000)
  region size 1024K, 1 young (1024K), 1 survivors (1024K)
 Metaspace       used 53670K, committed 54400K, reserved 1114112K
  class space    used 6428K, committed 6784K, reserved 1048576K
}
Event: 104.280 GC heap before
{Heap before GC invocations=15 (full 0):
 garbage-first heap   total 181248K, used 45736K [0x0000000089400000, 0x0000000100000000)
  region size 1024K, 13 young (13312K), 1 survivors (1024K)
 Metaspace       used 53761K, committed 54464K, reserved 1114112K
  class space    used 6430K, committed 6784K, reserved 1048576K
}
Event: 104.317 GC heap after
{Heap after GC invocations=16 (full 0):
 garbage-first heap   total 181248K, used 36558K [0x0000000089400000, 0x0000000100000000)
  region size 1024K, 2 young (2048K), 2 survivors (2048K)
 Metaspace       used 53761K, committed 54464K, reserved 1114112K
  class space    used 6430K, committed 6784K, reserved 1048576K
}
Event: 104.366 GC heap before
{Heap before GC invocations=16 (full 0):
 garbage-first heap   total 181248K, used 47822K [0x0000000089400000, 0x0000000100000000)
  region size 1024K, 13 young (13312K), 2 survivors (2048K)
 Metaspace       used 53779K, committed 54528K, reserved 1114112K
  class space    used 6430K, committed 6784K, reserved 1048576K
}
Event: 104.381 GC heap after
{Heap after GC invocations=17 (full 0):
 garbage-first heap   total 181248K, used 37631K [0x0000000089400000, 0x0000000100000000)
  region size 1024K, 2 young (2048K), 2 survivors (2048K)
 Metaspace       used 53779K, committed 54528K, reserved 1114112K
  class space    used 6430K, committed 6784K, reserved 1048576K
}
Event: 119.808 GC heap before
{Heap before GC invocations=17 (full 0):
 garbage-first heap   total 181248K, used 51967K [0x0000000089400000, 0x0000000100000000)
  region size 1024K, 16 young (16384K), 2 survivors (2048K)
 Metaspace       used 54491K, committed 55168K, reserved 1114112K
  class space    used 6512K, committed 6848K, reserved 1048576K
}

