# JRE version: OpenJDK Runtime Environment (21.0.3) (build 21.0.3+-12282718-b509.11)
# Java VM: OpenJDK 64-Bit Server VM (21.0.3+-12282718-b509.11, mixed mode, tiered, compressed oops, compressed class ptrs, g1 gc, windows-amd64)
GC Precious Log:
 CardTable entry size: 512
 Card Set container configuration: InlinePtr #cards 5 size 8 Array Of Cards #cards 12 size 40 Howl #buckets 4 coarsen threshold 1843 Howl Bitmap #cards 512 size 80 coarsen threshold 460 Card regions per heap region 1 cards per card region 2048
 CPUs: 16 total, 16 available
 Memory: 7599M
 Large Page Support: Disabled
 NUMA Support: Disabled
 Compressed Oops: Enabled (32-bit)
 Heap Region Size: 1M
 Heap Min Capacity: 8M
 Heap Initial Capacity: 120M
 Heap Max Capacity: 1900M
 Pre-touch: Disabled
 Parallel Workers: 13
 Concurrent Workers: 3
 Concurrent Refinement Workers: 13
 Periodic GC: Disabled
Heap:
 garbage-first heap   total 157696K, used 48086K [0x0000000089400000, 0x0000000100000000)
  region size 1024K, 1 young (1024K), 1 survivors (1024K)
 Metaspace       used 60130K, committed 60864K, reserved 1114112K
  class space    used 7026K, committed 7360K, reserved 1048576K
GC Heap History (20 events):
Event: 6.880 GC heap after
{Heap after GC invocations=10 (full 0):
 garbage-first heap   total 59392K, used 28647K [0x0000000089400000, 0x0000000100000000)
  region size 1024K, 4 young (4096K), 4 survivors (4096K)
 Metaspace       used 50595K, committed 51328K, reserved 1114112K
  class space    used 6118K, committed 6464K, reserved 1048576K
}
Event: 7.941 GC heap before
{Heap before GC invocations=10 (full 0):
 garbage-first heap   total 59392K, used 49127K [0x0000000089400000, 0x0000000100000000)
  region size 1024K, 25 young (25600K), 4 survivors (4096K)
 Metaspace       used 53646K, committed 54400K, reserved 1114112K
  class space    used 6428K, committed 6784K, reserved 1048576K
}
Event: 8.082 GC heap after
{Heap after GC invocations=11 (full 0):
 garbage-first heap   total 59392K, used 32102K [0x0000000089400000, 0x0000000100000000)
  region size 1024K, 4 young (4096K), 4 survivors (4096K)
 Metaspace       used 53646K, committed 54400K, reserved 1114112K
  class space    used 6428K, committed 6784K, reserved 1048576K
}
Event: 8.255 GC heap before
{Heap before GC invocations=11 (full 0):
 garbage-first heap   total 59392K, used 38246K [0x0000000089400000, 0x0000000100000000)
  region size 1024K, 11 young (11264K), 4 survivors (4096K)
 Metaspace       used 53733K, committed 54464K, reserved 1114112K
  class space    used 6430K, committed 6784K, reserved 1048576K
}
Event: 8.272 GC heap after
{Heap after GC invocations=12 (full 0):
 garbage-first heap   total 96256K, used 33405K [0x0000000089400000, 0x0000000100000000)
  region size 1024K, 2 young (2048K), 2 survivors (2048K)
 Metaspace       used 53733K, committed 54464K, reserved 1114112K
  class space    used 6430K, committed 6784K, reserved 1048576K
}
Event: 10.129 GC heap before
{Heap before GC invocations=12 (full 0):
 garbage-first heap   total 96256K, used 77437K [0x0000000089400000, 0x0000000100000000)
  region size 1024K, 45 young (46080K), 2 survivors (2048K)
 Metaspace       used 55551K, committed 56256K, reserved 1114112K
  class space    used 6613K, committed 6976K, reserved 1048576K
}
Event: 10.267 GC heap after
{Heap after GC invocations=13 (full 0):
 garbage-first heap   total 96256K, used 37020K [0x0000000089400000, 0x0000000100000000)
  region size 1024K, 5 young (5120K), 5 survivors (5120K)
 Metaspace       used 55551K, committed 56256K, reserved 1114112K
  class space    used 6613K, committed 6976K, reserved 1048576K
}
Event: 21.509 GC heap before
{Heap before GC invocations=13 (full 0):
 garbage-first heap   total 96256K, used 81052K [0x0000000089400000, 0x0000000100000000)
  region size 1024K, 48 young (49152K), 5 survivors (5120K)
 Metaspace       used 58886K, committed 59648K, reserved 1114112K
  class space    used 6921K, committed 7296K, reserved 1048576K
}
Event: 27.438 GC heap after
{Heap after GC invocations=14 (full 0):
 garbage-first heap   total 96256K, used 43155K [0x0000000089400000, 0x0000000100000000)
  region size 1024K, 6 young (6144K), 6 survivors (6144K)
 Metaspace       used 58886K, committed 59648K, reserved 1114112K
  class space    used 6921K, committed 7296K, reserved 1048576K
}
Event: 40.245 GC heap before
{Heap before GC invocations=14 (full 0):
 garbage-first heap   total 96256K, used 44179K [0x0000000089400000, 0x0000000100000000)
  region size 1024K, 7 young (7168K), 6 survivors (6144K)
 Metaspace       used 59014K, committed 59776K, reserved 1114112K
  class space    used 6927K, committed 7296K, reserved 1048576K
}
Event: 40.596 GC heap after
{Heap after GC invocations=15 (full 0):
 garbage-first heap   total 96256K, used 44407K [0x0000000089400000, 0x0000000100000000)
  region size 1024K, 1 young (1024K), 1 survivors (1024K)
 Metaspace       used 59014K, committed 59776K, reserved 1114112K
  class space    used 6927K, committed 7296K, reserved 1048576K
}
Event: 42.431 GC heap before
{Heap before GC invocations=15 (full 0):
 garbage-first heap   total 96256K, used 47479K [0x0000000089400000, 0x0000000100000000)
  region size 1024K, 4 young (4096K), 1 survivors (1024K)
 Metaspace       used 59136K, committed 59904K, reserved 1114112K
  class space    used 6928K, committed 7296K, reserved 1048576K
}
Event: 42.471 GC heap after
{Heap after GC invocations=16 (full 0):
 garbage-first heap   total 196608K, used 44122K [0x0000000089400000, 0x0000000100000000)
  region size 1024K, 1 young (1024K), 1 survivors (1024K)
 Metaspace       used 59136K, committed 59904K, reserved 1114112K
  class space    used 6928K, committed 7296K, reserved 1048576K
}
Event: 43.996 GC heap before
{Heap before GC invocations=17 (full 0):
 garbage-first heap   total 157696K, used 51290K [0x0000000089400000, 0x0000000100000000)
  region size 1024K, 9 young (9216K), 1 survivors (1024K)
 Metaspace       used 59406K, committed 60160K, reserved 1114112K
  class space    used 6954K, committed 7296K, reserved 1048576K
}
Event: 44.013 GC heap after
{Heap after GC invocations=18 (full 0):
 garbage-first heap   total 157696K, used 45615K [0x0000000089400000, 0x0000000100000000)
  region size 1024K, 2 young (2048K), 2 survivors (2048K)
 Metaspace       used 59406K, committed 60160K, reserved 1114112K
  class space    used 6954K, committed 7296K, reserved 1048576K
}
Event: 44.144 GC heap before
{Heap before GC invocations=18 (full 0):
 garbage-first heap   total 157696K, used 50735K [0x0000000089400000, 0x0000000100000000)
  region size 1024K, 7 young (7168K), 2 survivors (2048K)
 Metaspace       used 59451K, committed 60160K, reserved 1114112K
  class space    used 6955K, committed 7296K, reserved 1048576K
}
Event: 44.182 GC heap after
{Heap after GC invocations=19 (full 0):
 garbage-first heap   total 157696K, used 45791K [0x0000000089400000, 0x0000000100000000)
  region size 1024K, 1 young (1024K), 1 survivors (1024K)
 Metaspace       used 59451K, committed 60160K, reserved 1114112K
  class space    used 6955K, committed 7296K, reserved 1048576K
}
Event: 45.303 GC heap before
{Heap before GC invocations=19 (full 0):
 garbage-first heap   total 157696K, used 51935K [0x0000000089400000, 0x0000000100000000)
  region size 1024K, 7 young (7168K), 1 survivors (1024K)
 Metaspace       used 59804K, committed 60544K, reserved 1114112K
  class space    used 6986K, committed 7360K, reserved 1048576K
}
Event: 45.340 GC heap after
{Heap after GC invocations=20 (full 0):
 garbage-first heap   total 157696K, used 46848K [0x0000000089400000, 0x0000000100000000)
  region size 1024K, 1 young (1024K), 1 survivors (1024K)
 Metaspace       used 59804K, committed 60544K, reserved 1114112K
  class space    used 6986K, committed 7360K, reserved 1048576K
}
Event: 47.489 GC heap before
{Heap before GC invocations=20 (full 0):
 garbage-first heap   total 157696K, used 52992K [0x0000000089400000, 0x0000000100000000)
  region size 1024K, 7 young (7168K), 1 survivors (1024K)
 Metaspace       used 60130K, committed 60864K, reserved 1114112K
  class space    used 7026K, committed 7360K, reserved 1048576K
}

